<?xml version="1.0" encoding="UTF-8"?>
<!-- Generated by org.testng.reporters.JUnitReportReporter -->
<testsuite hostname="LAPTOP-94074V2R" failures="0" tests="2" name="distributedparallel.Test2" time="0.006" errors="0" timestamp="2024-11-06T12:58:04 IST" skipped="0">
  <testcase classname="distributedparallel.Test2" name="demo2" time="0.002"/>
  <system-out/>
  <testcase classname="distributedparallel.Test2" name="demo1" time="0.004"/>
  <system-out/>
</testsuite> <!-- distributedparallel.Test2 -->
