<?xml version="1.0" encoding="UTF-8"?>
<!-- Generated by org.testng.reporters.JUnitReportReporter -->
<testsuite hostname="LAPTOP-94074V2R" failures="0" tests="1" name="groupExicution.Test1" time="0.015" errors="0" timestamp="2024-11-06T12:25:22 IST" skipped="0">
  <testcase classname="groupExicution.Test1" name="demo1" time="0.015"/>
  <system-out>
    <![CDATA[Test1 - demo1 - smoke]]>
  </system-out>
</testsuite> <!-- groupExicution.Test1 -->
