<?xml version="1.0" encoding="UTF-8"?>
<!-- Generated by org.testng.reporters.JUnitReportReporter -->
<testsuite hostname="LAPTOP-94074V2R" failures="0" tests="2" name="groupExicution.test2" time="0.003" errors="0" timestamp="2024-11-06T12:25:22 IST" skipped="0">
  <testcase classname="groupExicution.test2" name="demo1" time="0.002"/>
  <system-out>
    <![CDATA[Test2 - demo1 - smoke]]>
  </system-out>
  <testcase classname="groupExicution.test2" name="demo3" time="0.001"/>
  <system-out>
    <![CDATA[Test2 - demo3 - smoke and regression]]>
  </system-out>
</testsuite> <!-- groupExicution.test2 -->
