<?xml version="1.0" encoding="UTF-8"?>
<!-- Generated by org.testng.reporters.JUnitReportReporter -->
<testsuite hostname="LAPTOP-94074V2R" failures="0" tests="2" name="distributedparallel.Test5" time="0.021" errors="0" timestamp="2024-11-06T12:58:04 IST" skipped="0">
  <testcase classname="distributedparallel.Test5" name="demo1" time="0.017"/>
  <system-out/>
  <testcase classname="distributedparallel.Test5" name="demo2" time="0.004"/>
  <system-out/>
</testsuite> <!-- distributedparallel.Test5 -->
