<?xml version="1.0" encoding="UTF-8"?>
<!-- Generated by org.testng.reporters.JUnitReportReporter -->
<testsuite hostname="LAPTOP-94074V2R" failures="0" tests="1" name="TestNG.SampleTest" time="0.016" errors="0" timestamp="2024-11-06T11:35:44 IST" skipped="0">
  <testcase classname="TestNG.SampleTest" name="Demo" time="0.016"/>
  <system-out>
    <![CDATA[Hello World]]>
  </system-out>
</testsuite> <!-- TestNG.SampleTest -->
