<?xml version="1.0" encoding="UTF-8"?>
<!-- Generated by org.testng.reporters.JUnitReportReporter -->
<testsuite hostname="LAPTOP-94074V2R" failures="0" tests="2" name="distributedparallel.Test3" time="0.004" errors="0" timestamp="2024-11-06T12:58:04 IST" skipped="0">
  <testcase classname="distributedparallel.Test3" name="demo2" time="0.003"/>
  <system-out/>
  <testcase classname="distributedparallel.Test3" name="demo1" time="0.001"/>
  <system-out/>
</testsuite> <!-- distributedparallel.Test3 -->
