<?xml version="1.0" encoding="UTF-8"?>
<!-- Generated by org.testng.reporters.JUnitReportReporter -->
<testsuite hostname="LAPTOP-94074V2R" failures="0" tests="1" name="Assertions.WhyNotifElse" time="0.016" errors="0" timestamp="2024-11-08T12:08:43 IST" skipped="0">
  <testcase classname="Assertions.WhyNotifElse" name="Demo" time="0.016"/>
  <system-out/>
</testsuite> <!-- Assertions.WhyNotifElse -->
