<?xml version="1.0" encoding="UTF-8"?>
<!-- Generated by org.testng.reporters.JUnitReportReporter -->
<testsuite hostname="LAPTOP-94074V2R" failures="0" tests="2" name="listenerPractice.TestClass" time="0.016" errors="0" timestamp="2024-11-09T12:38:58 IST" skipped="0">
  <testcase classname="listenerPractice.TestClass" name="testMethod1" time="0.012"/>
  <system-out>
    <![CDATA[@Test1]]>
  </system-out>
  <testcase classname="listenerPractice.TestClass" name="testMethod2" time="0.004"/>
  <system-out>
    <![CDATA[@Test2]]>
  </system-out>
</testsuite> <!-- listenerPractice.TestClass -->
